<?xml version="1.0" encoding="UTF-8"?>
<testng-results ignored="0" total="2" passed="0" failed="2" skipped="0">
  <reporter-output>
  </reporter-output>
  <suite started-at="2023-12-07T16:17:30 IST" name="Default suite" finished-at="2023-12-07T16:17:35 IST" duration-ms="5644">
    <groups>
      <group name="cucumber">
        <method signature="AbstractTestNGCucumberTests.runScenario(io.cucumber.testng.PickleWrapper,io.cucumber.testng.FeatureWrapper)[pri:0, instance:runner.SearchRunner@3eb738bb]" name="runScenario" class="io.cucumber.testng.AbstractTestNGCucumberTests"/>
      </group> <!-- cucumber -->
    </groups>
    <test started-at="2023-12-07T16:17:30 IST" name="Default test" finished-at="2023-12-07T16:17:35 IST" duration-ms="5644">
      <class name="runner.SearchRunner">
        <test-method is-config="true" signature="setUpClass(org.testng.ITestContext)[pri:0, instance:runner.SearchRunner@3eb738bb]" started-at="2023-12-07T16:17:30 IST" name="setUpClass" finished-at="2023-12-07T16:17:32 IST" duration-ms="2388" status="PASS">
          <params>
            <param index="0">
              <value>
                <![CDATA[org.testng.TestRunner@393881f0]]>
              </value>
            </param>
          </params>
          <reporter-output>
          </reporter-output>
        </test-method> <!-- setUpClass -->
        <test-method signature="runScenario(io.cucumber.testng.PickleWrapper,io.cucumber.testng.FeatureWrapper)[pri:0, instance:runner.SearchRunner@3eb738bb]" started-at="2023-12-07T16:17:32 IST" name="runScenario" description="Runs Cucumber Scenarios" data-provider="scenarios" finished-at="2023-12-07T16:17:33 IST" duration-ms="421" status="FAIL">
          <params>
            <param index="0">
              <value>
                <![CDATA["Search for iPhone, view details, and add to cart"]]>
              </value>
            </param>
            <param index="1">
              <value>
                <![CDATA["Adding an iPhone to the Cart and Phone Search and Filter"]]>
              </value>
            </param>
          </params>
          <exception class="java.lang.NullPointerException">
            <message>
              <![CDATA[Cannot invoke "org.openqa.selenium.WebDriver.get(String)" because "this.driver" is null]]>
            </message>
            <full-stacktrace>
              <![CDATA[java.lang.NullPointerException: Cannot invoke "org.openqa.selenium.WebDriver.get(String)" because "this.driver" is null
at steps.SearchSteps.user_should_be_on_the_website_homepage(SearchSteps.java:21)
at ✽.user should be on the website homepage(file:///C:/Users/Admin/eclipse-workspacenew/Assignment/src/test/resources/applicationtest/search.feature:3)
]]>
            </full-stacktrace>
          </exception> <!-- java.lang.NullPointerException -->
          <reporter-output>
          </reporter-output>
        </test-method> <!-- runScenario -->
        <test-method signature="runScenario(io.cucumber.testng.PickleWrapper,io.cucumber.testng.FeatureWrapper)[pri:0, instance:runner.SearchRunner@3eb738bb]" started-at="2023-12-07T16:17:33 IST" name="runScenario" description="Runs Cucumber Scenarios" data-provider="scenarios" finished-at="2023-12-07T16:17:33 IST" duration-ms="48" status="FAIL">
          <params>
            <param index="0">
              <value>
                <![CDATA["Register user and search for a phone with filters"]]>
              </value>
            </param>
            <param index="1">
              <value>
                <![CDATA["Adding an iPhone to the Cart and Phone Search and Filter"]]>
              </value>
            </param>
          </params>
          <exception class="java.lang.NullPointerException">
            <message>
              <![CDATA[Cannot invoke "org.openqa.selenium.WebDriver.get(String)" because "this.driver" is null]]>
            </message>
            <full-stacktrace>
              <![CDATA[java.lang.NullPointerException: Cannot invoke "org.openqa.selenium.WebDriver.get(String)" because "this.driver" is null
at steps.SearchSteps.user_should_be_on_the_website_homepage(SearchSteps.java:21)
at ✽.user should be on the website homepage(file:///C:/Users/Admin/eclipse-workspacenew/Assignment/src/test/resources/applicationtest/search.feature:3)
]]>
            </full-stacktrace>
          </exception> <!-- java.lang.NullPointerException -->
          <reporter-output>
          </reporter-output>
        </test-method> <!-- runScenario -->
        <test-method is-config="true" signature="tearDownClass()[pri:0, instance:runner.SearchRunner@3eb738bb]" started-at="2023-12-07T16:17:33 IST" name="tearDownClass" finished-at="2023-12-07T16:17:35 IST" duration-ms="2614" status="PASS">
          <reporter-output>
          </reporter-output>
        </test-method> <!-- tearDownClass -->
      </class> <!-- runner.SearchRunner -->
    </test> <!-- Default test -->
  </suite> <!-- Default suite -->
</testng-results>
